1625817373404	geckodriver	INFO	Listening on 127.0.0.1:48247
1625817373410	mozrunner::runner	INFO	Running command: "/usr/bin/firefox" "--marionette" "-foreground" "-no-remote" "-profile" "/tmp/rust_mozprofileZLgUiO"
1625817374154	Marionette	INFO	Marionette enabled
console.warn: SearchSettings: "get: No settings file exists, new profile?" (new NotFoundError("Could not open the file at /tmp/rust_mozprofileZLgUiO/search.json.mozlz4", (void 0)))
1625817376805	Marionette	INFO	Listening on port 37809
1625817376877	Marionette	WARN	TLS certificate errors will be ignored for this session
console.log: WebExtensions: reset-default-search: starting.
console.log: WebExtensions: reset-default-search: No addons in our list are installed.
console.error: "Error writing request: getGrids"
console.error: "Error writing request: getGrids"
1625819150641	Marionette	WARN	TimedPromise timed out after 500 ms: stacktrace:
TimedPromise/<@chrome://marionette/content/sync.js:237:19
TimedPromise@chrome://marionette/content/sync.js:222:10
interaction.flushEventLoop@chrome://marionette/content/interaction.js:431:10
webdriverClickElement@chrome://marionette/content/interaction.js:179:31
console.error: (new TypeError("parent is null", "resource://devtools/client/inspector/shared/style-change-tracker.js", 67))
console.error: "Error while calling actor 'pagestyle's method 'getLayout'" "node is null"
TypeError: parent is null: canMutationImpactCurrentStyles@resource://devtools/client/inspector/shared/style-change-tracker.js:67:24
onMutations@resource://devtools/client/inspector/shared/style-change-tracker.js:84:41
_emit@resource://devtools/shared/event-emitter.js:226:34
emit@resource://devtools/shared/event-emitter.js:172:18
emit@resource://devtools/shared/event-emitter.js:324:18
getMutations@resource://devtools/client/fronts/walker.js:358:10

console.error: (new TypeError("node is null", "resource://devtools/server/actors/page-style.js", 1001))
console.error: (new Error("Protocol error (TypeError): node is null from: server0.conn0.child4/pagestyle27 (resource://devtools/server/actors/page-style.js:1001:5)", "resource://devtools/shared/protocol/Front.js", 365))
console.error: (new TypeError("parent is null", "resource://devtools/client/inspector/shared/style-change-tracker.js", 67))
TypeError: parent is null: canMutationImpactCurrentStyles@resource://devtools/client/inspector/shared/style-change-tracker.js:67:24
onMutations@resource://devtools/client/inspector/shared/style-change-tracker.js:84:41
_emit@resource://devtools/shared/event-emitter.js:226:34
emit@resource://devtools/shared/event-emitter.js:172:18
emit@resource://devtools/shared/event-emitter.js:324:18
getMutations@resource://devtools/client/fronts/walker.js:358:10

console.error: (new TypeError("parent is null", "resource://devtools/client/inspector/shared/style-change-tracker.js", 67))
TypeError: parent is null: canMutationImpactCurrentStyles@resource://devtools/client/inspector/shared/style-change-tracker.js:67:24
onMutations@resource://devtools/client/inspector/shared/style-change-tracker.js:84:41
_emit@resource://devtools/shared/event-emitter.js:226:34
emit@resource://devtools/shared/event-emitter.js:172:18
emit@resource://devtools/shared/event-emitter.js:324:18
getMutations@resource://devtools/client/fronts/walker.js:358:10

console.error: (new TypeError("parent is null", "resource://devtools/client/inspector/shared/style-change-tracker.js", 67))
TypeError: parent is null: canMutationImpactCurrentStyles@resource://devtools/client/inspector/shared/style-change-tracker.js:67:24
onMutations@resource://devtools/client/inspector/shared/style-change-tracker.js:84:41
_emit@resource://devtools/shared/event-emitter.js:226:34
emit@resource://devtools/shared/event-emitter.js:172:18
emit@resource://devtools/shared/event-emitter.js:324:18
getMutations@resource://devtools/client/fronts/walker.js:358:10

Exiting due to channel error.
Exiting due to channel error.
Exiting due to channel error.
1625823871363	geckodriver	INFO	Listening on 127.0.0.1:48747
1625823872254	mozrunner::runner	INFO	Running command: "/usr/bin/firefox" "--marionette" "-foreground" "-no-remote" "-profile" "/tmp/rust_mozprofileJGVxjT"
1625823872905	Marionette	INFO	Marionette enabled
console.warn: SearchSettings: "get: No settings file exists, new profile?" (new NotFoundError("Could not open the file at /tmp/rust_mozprofileJGVxjT/search.json.mozlz4", (void 0)))
1625823875091	Marionette	INFO	Listening on port 37523
1625823875236	Marionette	WARN	TLS certificate errors will be ignored for this session
JavaScript error: https://bin.bnbstatic.com/static/chunks/commons.e06829fb.js, line 1: Error: nodeRef should not be null
JavaScript error: resource://devtools/server/actors/network-monitor/network-event-actor.js, line 108: Error: Got a request https://bin.bnbstatic.com/static/css/45930536.chunk.css without a browsingContextID set
JavaScript error: resource://devtools/server/actors/network-monitor/network-event-actor.js, line 108: Error: Got a request https://bin.bnbstatic.com/static/fonts/index.min.css without a browsingContextID set
JavaScript error: resource://devtools/server/actors/network-monitor/network-event-actor.js, line 108: Error: Got a request https://bin.bnbstatic.com/static/fonts/font.min.css without a browsingContextID set
console.log: WebExtensions: reset-default-search: starting.
console.log: WebExtensions: reset-default-search: No addons in our list are installed.
console.warn: LoginRecipes: "getRecipes: falling back to a synchronous message for:" "https://www.binance.com"
JavaScript error: resource://devtools/server/actors/network-monitor/network-event-actor.js, line 108: Error: Got a request https://bin.bnbstatic.com/static/fonts/index.min.css without a browsingContextID set
JavaScript error: resource://devtools/server/actors/network-monitor/network-event-actor.js, line 108: Error: Got a request https://bin.bnbstatic.com/static/fonts/font.min.css without a browsingContextID set
[GFX1]: Device reset due to WR context
[GFX1-]: GFX: RenderThread detected a device reset in PostUpdate
Unflushed glGetGraphicsResetStatus: 0x92bb
[GFX1]: Device reset due to WR context
[GFX1-]: GFX: RenderThread detected a device reset in PostUpdate
Unflushed glGetGraphicsResetStatus: 0x92bb
[GFX1]: Device reset due to WR context
[GFX1-]: GFX: RenderThread detected a device reset in PostUpdate
Unflushed glGetGraphicsResetStatus: 0x92bb
[GFX1]: Device reset due to WR context
[GFX1-]: GFX: RenderThread detected a device reset in PostUpdate
Unflushed glGetGraphicsResetStatus: 0x92bb
1625827444497	Marionette	INFO	Stopped listening on port 37523

###!!! [Parent][RunMessage] Error: Channel closing: too late to send/recv, messages will be lost

1625860681021	geckodriver	INFO	Listening on 127.0.0.1:57253
1625860681027	mozrunner::runner	INFO	Running command: "/usr/bin/firefox" "--marionette" "-foreground" "-no-remote" "-profile" "/tmp/rust_mozprofilesCARqL"
1625860681700	Marionette	INFO	Marionette enabled
console.warn: SearchSettings: "get: No settings file exists, new profile?" (new NotFoundError("Could not open the file at /tmp/rust_mozprofilesCARqL/search.json.mozlz4", (void 0)))
1625860683636	Marionette	INFO	Listening on port 44339
1625860683747	Marionette	WARN	TLS certificate errors will be ignored for this session
Exiting due to channel error.
Exiting due to channel error.
Exiting due to channel error.
1625860881301	geckodriver	INFO	Listening on 127.0.0.1:46105
1625860881306	mozrunner::runner	INFO	Running command: "/usr/bin/firefox" "--marionette" "-foreground" "-no-remote" "-profile" "/tmp/rust_mozprofileaXyv0E"
1625860881982	Marionette	INFO	Marionette enabled
console.warn: SearchSettings: "get: No settings file exists, new profile?" (new NotFoundError("Could not open the file at /tmp/rust_mozprofileaXyv0E/search.json.mozlz4", (void 0)))
1625860883941	Marionette	INFO	Listening on port 35353
1625860884033	Marionette	WARN	TLS certificate errors will be ignored for this session
JavaScript error: resource://gre/modules/XULStore.jsm, line 66: Error: Can't find profile directory.
JavaScript error: resource://gre/modules/XULStore.jsm, line 66: Error: Can't find profile directory.
JavaScript error: resource://devtools/server/actors/network-monitor/network-event-actor.js, line 108: Error: Got a request https://bin.bnbstatic.com/static/css/45930536.chunk.css without a browsingContextID set
JavaScript error: resource://devtools/server/actors/network-monitor/network-event-actor.js, line 108: Error: Got a request https://bin.bnbstatic.com/static/fonts/index.min.css without a browsingContextID set
JavaScript error: resource://devtools/server/actors/network-monitor/network-event-actor.js, line 108: Error: Got a request https://bin.bnbstatic.com/static/fonts/font.min.css without a browsingContextID set
console.log: WebExtensions: reset-default-search: starting.
console.log: WebExtensions: reset-default-search: No addons in our list are installed.
Exiting due to channel error.
Exiting due to channel error.
Exiting due to channel error.
1625861917734	geckodriver	INFO	Listening on 127.0.0.1:52355
1625861917739	mozrunner::runner	INFO	Running command: "/usr/bin/firefox" "--marionette" "-foreground" "-no-remote" "-profile" "/tmp/rust_mozprofileXMfABl"
1625861918366	Marionette	INFO	Marionette enabled
console.warn: SearchSettings: "get: No settings file exists, new profile?" (new NotFoundError("Could not open the file at /tmp/rust_mozprofileXMfABl/search.json.mozlz4", (void 0)))
1625861920545	Marionette	INFO	Listening on port 39239
1625861920668	Marionette	WARN	TLS certificate errors will be ignored for this session
